<?xml version="1.0" encoding="UTF-8"?>
<!-- Generated by org.testng.reporters.JUnitReportReporter -->
<testsuite hostname="DESKTOP-GR5FLOG" failures="0" tests="1" name="testCases.TC_001_RegisterAdmin" time="0.035" errors="0" timestamp="2024-10-23T19:02:15 IST" skipped="0">
  <testcase classname="testCases.TC_001_RegisterAdmin" name="login" time="0.035"/>
</testsuite> <!-- testCases.TC_001_RegisterAdmin -->
